08:08:40 [App     ] Build date: Apr  2 2018, 17:35:02
08:08:40 [App     ] CPU: Intel(R) Xeon(R) CPU E5-1630 v4 @ 3.70GHz
08:08:40 [App     ] RAM: 125.83GB Physical Memory 127.92GB Virtual Memory
08:08:40 [App     ] OS: Linux 4.13.0-36-generic (x86_64)
08:08:40 [App     ] SSE & AVX compatible CPU & OS detected
08:08:40 [App     ] Command line: /home/gil/Pictures/res/scene_dense.mvs
08:08:40 [App     ] Scene loaded (522ms):
	8 images (7 calibrated) with a total of 5.09 MPixels (0.73 MPixels/image)
	627064 points, 0 vertices, 0 faces
08:08:46 [App     ] Delaunay tetrahedralization completed: 627064 points -> 603392 vertices, 3746481 (+308) cells, 7493116 (+462) faces (5s502ms)
08:08:55 [App     ] Delaunay tetrahedras weighting completed: 3746789 cells, 7493578 faces (8s809ms)
08:09:08 [App     ] Delaunay tetrahedras graph-cut completed (509425 flow): 339003 vertices, 678562 faces (13s554ms)
08:09:16 [App     ] Mesh reconstruction completed: 339120 vertices, 678212 faces (35s594ms)
08:09:19 [App     ] Cleaned mesh: 338901 vertices, 677460 faces (3s34ms)
08:09:20 [App     ] Cleaned mesh: 338901 vertices, 677464 faces (1s335ms)
08:09:21 [App     ] Cleaned mesh: 338901 vertices, 677464 faces (918ms)
08:09:22 [App     ] Scene saved (570ms):
	8 images (7 calibrated)
	0 points, 338901 vertices, 677464 faces
08:09:22 [App     ] Mesh saved: 338901 vertices, 677464 faces (85ms)
08:09:22 [App     ] MEMORYINFO: {
08:09:22 [App     ] 	VmPeak:	 2236560 kB
08:09:22 [App     ] 	VmSize:	 1140464 kB
08:09:22 [App     ] } ENDINFO
