08:09:22 [App     ] Build date: Apr  2 2018, 17:35:02
08:09:22 [App     ] CPU: Intel(R) Xeon(R) CPU E5-1630 v4 @ 3.70GHz
08:09:22 [App     ] RAM: 125.83GB Physical Memory 127.92GB Virtual Memory
08:09:22 [App     ] OS: Linux 4.13.0-36-generic (x86_64)
08:09:22 [App     ] SSE & AVX compatible CPU & OS detected
08:09:22 [App     ] Command line: /home/gil/Pictures/res/scene_dense_mesh.mvs
08:09:22 [App     ] Scene loaded (406ms):
	8 images (7 calibrated) with a total of 81.40 MPixels (11.63 MPixels/image)
	0 points, 338901 vertices, 677464 faces
08:09:32 [App     ] Cleaned mesh: 34031 vertices, 67743 faces (7s81ms)
08:09:32 [App     ] Cleaned mesh: 34031 vertices, 67743 faces (116ms)
08:09:36 [App     ] Cleaned mesh: 31506 vertices, 62565 faces (100ms)
08:09:36 [App     ] Mesh subdivided: 34031/67743 -> 31506/62565 vertices/faces
08:09:37 [App     ] 	 1. f: 0.83076 (2.6368e-05)	g: 0.11269 (3.5766e-06 - 3.7533e-04)	s: 0.500	v:     0
08:09:38 [App     ] 	 2. f: 0.79652 (2.5281e-05)	g: 0.09690 (3.0756e-06 - 2.9909e-04)	s: 0.490	v:     0
08:09:39 [App     ] 	 3. f: 0.77543 (2.4612e-05)	g: 0.09620 (3.0535e-06 - 2.6065e-04)	s: 0.480	v:     0
08:09:39 [App     ] 	 4. f: 0.76000 (2.4122e-05)	g: 0.08763 (2.7814e-06 - 2.2971e-04)	s: 0.471	v:     0
08:09:40 [App     ] 	 5. f: 0.74465 (2.3635e-05)	g: 0.07787 (2.4715e-06 - 2.0483e-04)	s: 0.461	v:     0
08:09:41 [App     ] 	 6. f: 0.73487 (2.3325e-05)	g: 0.08031 (2.5490e-06 - 1.8931e-04)	s: 0.452	v:     0
08:09:41 [App     ] 	 7. f: 0.72620 (2.3050e-05)	g: 0.08306 (2.6364e-06 - 1.7802e-04)	s: 0.443	v:     0
08:09:42 [App     ] 	 8. f: 0.71957 (2.2839e-05)	g: 0.08179 (2.5961e-06 - 1.6599e-04)	s: 0.434	v:     0
08:09:43 [App     ] 	 9. f: 0.71239 (2.2611e-05)	g: 0.07897 (2.5064e-06 - 1.5671e-04)	s: 0.425	v:     0
08:09:43 [App     ] 	10. f: 0.70768 (2.2462e-05)	g: 0.07552 (2.3969e-06 - 1.4725e-04)	s: 0.417	v:     0
08:09:44 [App     ] 	11. f: 0.70268 (2.2303e-05)	g: 0.07389 (2.3453e-06 - 1.4008e-04)	s: 0.409	v:     0
08:09:45 [App     ] 	12. f: 0.69889 (2.2183e-05)	g: 0.07482 (2.3748e-06 - 1.3433e-04)	s: 0.400	v:     0
08:09:46 [App     ] 	13. f: 0.69485 (2.2055e-05)	g: 0.07603 (2.4130e-06 - 1.2958e-04)	s: 0.392	v:     0
